[08/Dec/2021:21:11:28] ENGINE Bus STARTING
[08/Dec/2021:21:11:28] ENGINE Started monitor thread 'Autoreloader'.
[08/Dec/2021:21:11:29] ENGINE Serving on http://0.0.0.0:8080
[08/Dec/2021:21:11:29] ENGINE Bus STARTED
[08/Dec/2021:21:11:42]  Completed api call.Time spent 4.921 s
[08/Dec/2021:21:11:50]  Completed api call.Time spent 4.297 s
[08/Dec/2021:21:11:58]  Completed api call.Time spent 3.972 s
[08/Dec/2021:21:12:06]  Completed api call.Time spent 4.078 s
[08/Dec/2021:21:12:14]  Completed api call.Time spent 3.844 s
[08/Dec/2021:21:12:26]  Completed api call.Time spent 7.484 s
[08/Dec/2021:21:12:38]  Completed api call.Time spent 7.640 s
[08/Dec/2021:21:12:49]  Completed api call.Time spent 7.125 s
[08/Dec/2021:21:13:01]  Completed api call.Time spent 7.656 s
[08/Dec/2021:21:13:11]  Completed api call.Time spent 6.094 s
[08/Dec/2021:21:13:23]  Completed api call.Time spent 7.281 s
[08/Dec/2021:21:13:34]  Completed api call.Time spent 7.281 s
[08/Dec/2021:22:21:06] ENGINE Bus STARTING
[08/Dec/2021:22:21:06] ENGINE Started monitor thread 'Autoreloader'.
[08/Dec/2021:22:21:07] ENGINE Serving on http://0.0.0.0:8080
[08/Dec/2021:22:21:07] ENGINE Bus STARTED
[08/Dec/2021:22:21:30]  Completed api call.Time spent 10.984 s
[08/Dec/2021:22:21:41]  Completed api call.Time spent 7.093 s
[08/Dec/2021:22:21:52]  Completed api call.Time spent 6.843 s
[08/Dec/2021:22:22:03]  Completed api call.Time spent 7.406 s
[08/Dec/2021:22:22:14]  Completed api call.Time spent 6.141 s
[08/Dec/2021:22:23:49] ENGINE Bus STARTING
[08/Dec/2021:22:23:49] ENGINE Started monitor thread 'Autoreloader'.
[08/Dec/2021:22:23:49] ENGINE Serving on http://0.0.0.0:8080
[08/Dec/2021:22:23:49] ENGINE Bus STARTED
[08/Dec/2021:22:24:09]  Completed api call.Time spent 7.891 s
[08/Dec/2021:22:24:21]  Completed api call.Time spent 7.297 s
[08/Dec/2021:22:24:31]  Completed api call.Time spent 6.594 s
[08/Dec/2021:22:24:42]  Completed api call.Time spent 6.594 s
[08/Dec/2021:22:24:52]  Completed api call.Time spent 5.844 s
[08/Dec/2021:22:25:02]  Completed api call.Time spent 5.844 s
[08/Dec/2021:22:25:13]  Completed api call.Time spent 7.359 s
[08/Dec/2021:22:25:25]  Completed api call.Time spent 7.656 s
[08/Dec/2021:22:25:36]  Completed api call.Time spent 7.281 s
[08/Dec/2021:22:25:50]  Completed api call.Time spent 9.094 s
[08/Dec/2021:22:26:01]  Completed api call.Time spent 7.547 s
[08/Dec/2021:22:26:13]  Completed api call.Time spent 7.920 s
[08/Dec/2021:23:43:54] ENGINE Bus STARTING
[08/Dec/2021:23:43:54] ENGINE Started monitor thread 'Autoreloader'.
[08/Dec/2021:23:43:55] ENGINE Serving on http://0.0.0.0:8080
[08/Dec/2021:23:43:55] ENGINE Bus STARTED
[08/Dec/2021:23:52:12] ENGINE Bus STARTING
[08/Dec/2021:23:52:12] ENGINE Started monitor thread 'Autoreloader'.
[08/Dec/2021:23:52:12] ENGINE Serving on http://0.0.0.0:8080
[08/Dec/2021:23:52:12] ENGINE Bus STARTED
[08/Dec/2021:23:54:20] ENGINE Bus STARTING
[08/Dec/2021:23:54:20] ENGINE Started monitor thread 'Autoreloader'.
[08/Dec/2021:23:54:21] ENGINE Serving on http://0.0.0.0:8080
[08/Dec/2021:23:54:21] ENGINE Bus STARTED
[08/Dec/2021:23:56:05] ENGINE Bus STARTING
[08/Dec/2021:23:56:05] ENGINE Started monitor thread 'Autoreloader'.
[08/Dec/2021:23:56:05] ENGINE Serving on http://0.0.0.0:8080
[08/Dec/2021:23:56:05] ENGINE Bus STARTED
[08/Dec/2021:23:56:14] HTTP 
Traceback (most recent call last):
  File "D:\Anaconda\lib\site-packages\cherrypy\_cprequest.py", line 638, in respond
    self._do_respond(path_info)
  File "D:\Anaconda\lib\site-packages\cherrypy\_cprequest.py", line 697, in _do_respond
    response.body = self.handler()
  File "D:\Anaconda\lib\site-packages\cherrypy\lib\encoding.py", line 219, in __call__
    self.body = self.oldhandler(*args, **kwargs)
  File "D:\Anaconda\lib\site-packages\cherrypy\_cpdispatch.py", line 54, in __call__
    return self.callable(*self.args, **self.kwargs)
  File "C:/Users/264979/Video-creative-platform/Docker/server.py", line 247, in method2
    return process_api_requests(body).encode("utf-8")
  File "C:/Users/264979/Video-creative-platform/Docker/server.py", line 73, in process_api_requests
    paths = body.get('paths')
AttributeError: 'str' object has no attribute 'get'
[08/Dec/2021:23:56:14] HTTP 
Request Headers:
  Remote-Addr: 127.0.0.1
  HOST: localhost:8080
  USER-AGENT: python-requests/2.24.0
  ACCEPT-ENCODING: gzip, deflate
  ACCEPT: */*
  CONNECTION: keep-alive
  Content-Type: application/json
  Content-Length: 993
[08/Dec/2021:23:56:33] HTTP 
Traceback (most recent call last):
  File "D:\Anaconda\lib\site-packages\cherrypy\_cprequest.py", line 638, in respond
    self._do_respond(path_info)
  File "D:\Anaconda\lib\site-packages\cherrypy\_cprequest.py", line 697, in _do_respond
    response.body = self.handler()
  File "D:\Anaconda\lib\site-packages\cherrypy\lib\encoding.py", line 219, in __call__
    self.body = self.oldhandler(*args, **kwargs)
  File "D:\Anaconda\lib\site-packages\cherrypy\_cpdispatch.py", line 54, in __call__
    return self.callable(*self.args, **self.kwargs)
  File "C:/Users/264979/Video-creative-platform/Docker/server.py", line 247, in method2
    return process_api_requests(body).encode("utf-8")
  File "C:/Users/264979/Video-creative-platform/Docker/server.py", line 73, in process_api_requests
    paths = body.get('paths')
AttributeError: 'str' object has no attribute 'get'
[08/Dec/2021:23:56:33] HTTP 
Request Headers:
  Remote-Addr: 127.0.0.1
  HOST: localhost:8080
  USER-AGENT: python-requests/2.24.0
  ACCEPT-ENCODING: gzip, deflate
  ACCEPT: */*
  CONNECTION: keep-alive
  Content-Type: application/json
  Content-Length: 993
[09/Dec/2021:00:16:47] ENGINE Bus STARTING
[09/Dec/2021:00:16:47] ENGINE Started monitor thread 'Autoreloader'.
[09/Dec/2021:00:16:47] ENGINE Serving on http://0.0.0.0:8080
[09/Dec/2021:00:16:47] ENGINE Bus STARTED
[09/Dec/2021:00:16:55]  Completed api call.Time spent 0.000 s
[09/Dec/2021:00:16:55]  Completed api call.Time spent 0.000 s
[09/Dec/2021:00:16:55]  Completed api call.Time spent 0.000 s
[09/Dec/2021:00:16:55]  Completed api call.Time spent 0.000 s
[09/Dec/2021:00:16:55]  Completed api call.Time spent 0.000 s
[09/Dec/2021:00:16:55]  Completed api call.Time spent 0.000 s
[09/Dec/2021:00:16:55]  Completed api call.Time spent 0.000 s
[09/Dec/2021:00:16:55]  Completed api call.Time spent 0.000 s
[09/Dec/2021:00:16:55]  Completed api call.Time spent 0.000 s
[09/Dec/2021:00:16:55]  Completed api call.Time spent 0.000 s
[09/Dec/2021:00:16:55]  Completed api call.Time spent 0.000 s
[09/Dec/2021:00:16:55]  Completed api call.Time spent 0.000 s
[09/Dec/2021:00:18:09] ENGINE Bus STARTING
[09/Dec/2021:00:18:09] ENGINE Started monitor thread 'Autoreloader'.
[09/Dec/2021:00:18:09] ENGINE Serving on http://0.0.0.0:8080
[09/Dec/2021:00:18:09] ENGINE Bus STARTED
[09/Dec/2021:00:18:21]  Completed api call.Time spent 0.000 s
[09/Dec/2021:00:18:21]  Completed api call.Time spent 0.000 s
[09/Dec/2021:00:18:21]  Completed api call.Time spent 0.000 s
[09/Dec/2021:00:18:21]  Completed api call.Time spent 0.000 s
[09/Dec/2021:00:18:21]  Completed api call.Time spent 0.000 s
[09/Dec/2021:00:18:21]  Completed api call.Time spent 0.000 s
[09/Dec/2021:00:18:21]  Completed api call.Time spent 0.000 s
[09/Dec/2021:00:18:21]  Completed api call.Time spent 0.000 s
[09/Dec/2021:00:18:21]  Completed api call.Time spent 0.000 s
[09/Dec/2021:00:18:21]  Completed api call.Time spent 0.000 s
[09/Dec/2021:00:18:21]  Completed api call.Time spent 0.000 s
[09/Dec/2021:00:18:21]  Completed api call.Time spent 0.000 s
[09/Dec/2021:00:19:12] ENGINE Bus STARTING
[09/Dec/2021:00:19:12] ENGINE Started monitor thread 'Autoreloader'.
[09/Dec/2021:00:19:12] ENGINE Serving on http://0.0.0.0:8080
[09/Dec/2021:00:19:12] ENGINE Bus STARTED
[09/Dec/2021:00:19:19]  Completed api call.Time spent 0.000 s
[09/Dec/2021:00:19:19]  Completed api call.Time spent 0.000 s
[09/Dec/2021:00:19:19]  Completed api call.Time spent 0.000 s
[09/Dec/2021:00:19:19]  Completed api call.Time spent 0.000 s
[09/Dec/2021:00:19:19]  Completed api call.Time spent 0.000 s
[09/Dec/2021:00:19:19]  Completed api call.Time spent 0.000 s
[09/Dec/2021:00:19:19]  Completed api call.Time spent 0.000 s
[09/Dec/2021:00:19:19]  Completed api call.Time spent 0.000 s
[09/Dec/2021:00:19:19]  Completed api call.Time spent 0.000 s
[09/Dec/2021:00:19:19]  Completed api call.Time spent 0.000 s
[09/Dec/2021:00:19:19]  Completed api call.Time spent 0.000 s
[09/Dec/2021:00:19:19]  Completed api call.Time spent 0.000 s
[09/Dec/2021:00:20:09] ENGINE Bus STARTING
[09/Dec/2021:00:20:09] ENGINE Started monitor thread 'Autoreloader'.
[09/Dec/2021:00:20:09] ENGINE Serving on http://0.0.0.0:8080
[09/Dec/2021:00:20:09] ENGINE Bus STARTED
[09/Dec/2021:00:20:17]  Completed api call.Time spent 0.000 s
[09/Dec/2021:00:20:17]  Completed api call.Time spent 0.000 s
[09/Dec/2021:00:20:17]  Completed api call.Time spent 0.000 s
[09/Dec/2021:00:20:17]  Completed api call.Time spent 0.000 s
[09/Dec/2021:00:20:17]  Completed api call.Time spent 0.000 s
[09/Dec/2021:00:20:17]  Completed api call.Time spent 0.000 s
[09/Dec/2021:00:20:17]  Completed api call.Time spent 0.000 s
[09/Dec/2021:00:20:17]  Completed api call.Time spent 0.000 s
[09/Dec/2021:00:20:17]  Completed api call.Time spent 0.000 s
[09/Dec/2021:00:20:17]  Completed api call.Time spent 0.000 s
[09/Dec/2021:00:20:17]  Completed api call.Time spent 0.000 s
[09/Dec/2021:00:20:17]  Completed api call.Time spent 0.000 s
[09/Dec/2021:00:21:27] ENGINE Bus STARTING
[09/Dec/2021:00:21:27] ENGINE Started monitor thread 'Autoreloader'.
[09/Dec/2021:00:21:28] ENGINE Serving on http://0.0.0.0:8080
[09/Dec/2021:00:21:28] ENGINE Bus STARTED
[17/Dec/2021:09:26:32] ENGINE Bus STARTING
[17/Dec/2021:09:26:32] ENGINE Started monitor thread 'Autoreloader'.
[17/Dec/2021:09:26:33] ENGINE Serving on http://0.0.0.0:8080
[17/Dec/2021:09:26:33] ENGINE Bus STARTED
[17/Dec/2021:09:29:04] ENGINE Bus STARTING
[17/Dec/2021:09:29:04] ENGINE Started monitor thread 'Autoreloader'.
[17/Dec/2021:09:29:04] ENGINE Serving on http://0.0.0.0:8080
[17/Dec/2021:09:29:04] ENGINE Bus STARTED
[17/Dec/2021:09:32:36] ENGINE Bus STARTING
[17/Dec/2021:09:32:36] ENGINE Started monitor thread 'Autoreloader'.
[17/Dec/2021:09:32:36] ENGINE Serving on http://0.0.0.0:8080
[17/Dec/2021:09:32:36] ENGINE Bus STARTED
[17/Dec/2021:09:33:02]  Completed api call.Time spent 15.745 s
[17/Dec/2021:09:33:02]  Completed api call.Time spent 16.105 s
[18/Dec/2021:12:37:41] ENGINE Bus STARTING
[18/Dec/2021:12:37:41] ENGINE Started monitor thread 'Autoreloader'.
[18/Dec/2021:12:37:42] ENGINE Serving on http://0.0.0.0:8080
[18/Dec/2021:12:37:42] ENGINE Bus STARTED
[18/Dec/2021:12:42:37] ENGINE Bus STARTING
[18/Dec/2021:12:42:37] ENGINE Started monitor thread 'Autoreloader'.
[18/Dec/2021:12:42:37] ENGINE Serving on http://0.0.0.0:8080
[18/Dec/2021:12:42:37] ENGINE Bus STARTED
[18/Dec/2021:13:12:24] ENGINE Bus STARTING
[18/Dec/2021:13:12:24] ENGINE Started monitor thread 'Autoreloader'.
[18/Dec/2021:13:12:25] ENGINE Serving on http://0.0.0.0:8080
[18/Dec/2021:13:12:25] ENGINE Bus STARTED
[18/Dec/2021:13:13:47] ENGINE Bus STARTING
[18/Dec/2021:13:13:47] ENGINE Started monitor thread 'Autoreloader'.
[18/Dec/2021:13:13:48] ENGINE Serving on http://0.0.0.0:8080
[18/Dec/2021:13:13:48] ENGINE Bus STARTED
[18/Dec/2021:13:26:54] ENGINE Bus STARTING
[18/Dec/2021:13:26:54] ENGINE Started monitor thread 'Autoreloader'.
[18/Dec/2021:13:26:54] ENGINE Serving on http://0.0.0.0:8080
[18/Dec/2021:13:26:54] ENGINE Bus STARTED
[18/Dec/2021:13:31:23] ENGINE Bus STARTING
[18/Dec/2021:13:31:23] ENGINE Started monitor thread 'Autoreloader'.
[18/Dec/2021:13:31:23] ENGINE Serving on http://0.0.0.0:8080
[18/Dec/2021:13:31:23] ENGINE Bus STARTED
[18/Dec/2021:13:33:42] ENGINE Bus STARTING
[18/Dec/2021:13:33:42] ENGINE Started monitor thread 'Autoreloader'.
[18/Dec/2021:13:33:42] ENGINE Serving on http://0.0.0.0:8080
[18/Dec/2021:13:33:42] ENGINE Bus STARTED
[18/Dec/2021:13:38:40] ENGINE Bus STARTING
[18/Dec/2021:13:38:40] ENGINE Started monitor thread 'Autoreloader'.
[18/Dec/2021:13:38:40] ENGINE Serving on http://0.0.0.0:8080
[18/Dec/2021:13:38:40] ENGINE Bus STARTED
[18/Dec/2021:13:39:51] ENGINE Restarting because C:/Users/264979/Video-creative-platform/Docker/server.py changed.
[18/Dec/2021:13:39:51] ENGINE Stopped thread 'Autoreloader'.
[18/Dec/2021:13:39:51] ENGINE Bus STOPPING
[18/Dec/2021:13:39:51] ENGINE HTTP Server cherrypy._cpwsgi_server.CPWSGIServer(('0.0.0.0', 8080)) shut down
[18/Dec/2021:13:39:51] ENGINE Bus STOPPED
[18/Dec/2021:13:39:51] ENGINE Bus EXITING
[18/Dec/2021:13:39:51] ENGINE Waiting for child threads to terminate...
[18/Dec/2021:13:39:51] ENGINE Bus EXITED
[18/Dec/2021:13:39:51] ENGINE Re-spawning D:\Anaconda\python.exe C:/Users/264979/Video-creative-platform/Docker/server.py
[18/Dec/2021:13:40:08] ENGINE Bus STARTING
[18/Dec/2021:13:40:08] ENGINE Started monitor thread 'Autoreloader'.
[18/Dec/2021:13:40:08] ENGINE Serving on http://0.0.0.0:8080
[18/Dec/2021:13:40:08] ENGINE Bus STARTED
[18/Dec/2021:13:40:17] HTTP 
Traceback (most recent call last):
  File "D:\Anaconda\lib\site-packages\cherrypy\_cprequest.py", line 638, in respond
    self._do_respond(path_info)
  File "D:\Anaconda\lib\site-packages\cherrypy\_cprequest.py", line 697, in _do_respond
    response.body = self.handler()
  File "D:\Anaconda\lib\site-packages\cherrypy\lib\encoding.py", line 219, in __call__
    self.body = self.oldhandler(*args, **kwargs)
  File "D:\Anaconda\lib\site-packages\cherrypy\_cpdispatch.py", line 54, in __call__
    return self.callable(*self.args, **self.kwargs)
  File "C:/Users/264979/Video-creative-platform/Docker/server.py", line 259, in cutout
    return process_api_request_cutout(body).encode("utf-8")
  File "C:/Users/264979/Video-creative-platform/Docker/server.py", line 76, in process_api_request_cutout
    print(input_path.decode('unicode-escape').encode('ISO-8859-1'))
AttributeError: 'str' object has no attribute 'decode'
[18/Dec/2021:13:40:17] HTTP 
Request Headers:
  Remote-Addr: 127.0.0.1
  HOST: localhost:8080
  USER-AGENT: python-requests/2.24.0
  ACCEPT-ENCODING: gzip, deflate
  ACCEPT: */*
  CONNECTION: keep-alive
  Content-Type: application/json
  Content-Length: 503286
[18/Dec/2021:13:42:02] ENGINE Bus STARTING
[18/Dec/2021:13:42:02] ENGINE Started monitor thread 'Autoreloader'.
[18/Dec/2021:13:42:02] ENGINE Serving on http://0.0.0.0:8080
[18/Dec/2021:13:42:02] ENGINE Bus STARTED
[18/Dec/2021:13:42:36] ENGINE Bus STARTING
[18/Dec/2021:13:42:36] ENGINE Started monitor thread 'Autoreloader'.
[18/Dec/2021:13:42:36] ENGINE Serving on http://0.0.0.0:8080
[18/Dec/2021:13:42:36] ENGINE Bus STARTED
[18/Dec/2021:13:44:37] ENGINE Bus STARTING
[18/Dec/2021:13:44:37] ENGINE Started monitor thread 'Autoreloader'.
[18/Dec/2021:13:44:38] ENGINE Serving on http://0.0.0.0:8080
[18/Dec/2021:13:44:38] ENGINE Bus STARTED
[18/Dec/2021:13:49:54] ENGINE Bus STARTING
[18/Dec/2021:13:49:54] ENGINE Started monitor thread 'Autoreloader'.
[18/Dec/2021:13:49:54] ENGINE Serving on http://0.0.0.0:8080
[18/Dec/2021:13:49:54] ENGINE Bus STARTED
[18/Dec/2021:14:10:18] ENGINE Bus STARTING
[18/Dec/2021:14:10:18] ENGINE Started monitor thread 'Autoreloader'.
[18/Dec/2021:14:10:18] ENGINE Serving on http://0.0.0.0:8080
[18/Dec/2021:14:10:18] ENGINE Bus STARTED
[18/Dec/2021:14:16:22] ENGINE Restarting because C:/Users/264979/Video-creative-platform/Docker/server.py changed.
[18/Dec/2021:14:16:22] ENGINE Stopped thread 'Autoreloader'.
[18/Dec/2021:14:16:22] ENGINE Bus STOPPING
[18/Dec/2021:14:16:22] ENGINE HTTP Server cherrypy._cpwsgi_server.CPWSGIServer(('0.0.0.0', 8080)) shut down
[18/Dec/2021:14:16:22] ENGINE Bus STOPPED
[18/Dec/2021:14:16:22] ENGINE Bus EXITING
[18/Dec/2021:14:16:22] ENGINE Waiting for child threads to terminate...
[18/Dec/2021:14:16:22] ENGINE Bus EXITED
[18/Dec/2021:14:16:22] ENGINE Re-spawning D:\Anaconda\python.exe C:/Users/264979/Video-creative-platform/Docker/server.py
[18/Dec/2021:14:16:27] ENGINE Bus STARTING
[18/Dec/2021:14:16:27] ENGINE Started monitor thread 'Autoreloader'.
[18/Dec/2021:14:16:27] ENGINE Serving on http://0.0.0.0:8080
[18/Dec/2021:14:16:27] ENGINE Bus STARTED
[18/Dec/2021:14:16:37] ENGINE Bus STARTING
[18/Dec/2021:14:16:37] ENGINE Started monitor thread 'Autoreloader'.
[18/Dec/2021:14:16:38] ENGINE Error in 'start' listener <bound method Server.start of <cherrypy._cpserver.Server object at 0x000001F2F80DF9D0>>
Traceback (most recent call last):
  File "D:\Anaconda\lib\site-packages\portend.py", line 122, in free
    Checker(timeout=0.1).assert_free(host, port)
  File "D:\Anaconda\lib\site-packages\portend.py", line 71, in assert_free
    list(itertools.starmap(self._connect, info))
  File "D:\Anaconda\lib\site-packages\portend.py", line 87, in _connect
    raise PortNotFree(tmpl.format(**locals()))
portend.PortNotFree: Port 8080 is in use on 127.0.0.1.

During handling of the above exception, another exception occurred:

Traceback (most recent call last):
  File "D:\Anaconda\lib\site-packages\cherrypy\process\wspbus.py", line 230, in publish
    output.append(listener(*args, **kwargs))
  File "D:\Anaconda\lib\site-packages\cherrypy\_cpserver.py", line 180, in start
    super(Server, self).start()
  File "D:\Anaconda\lib\site-packages\cherrypy\process\servers.py", line 177, in start
    portend.free(*self.bind_addr, timeout=Timeouts.free)
  File "D:\Anaconda\lib\site-packages\portend.py", line 126, in free
    raise Timeout("Port {port} not free on {host}.".format(**locals()))
portend.Timeout: Port 8080 not free on 0.0.0.0.

[18/Dec/2021:14:16:38] ENGINE Shutting down due to error in start listener:
Traceback (most recent call last):
  File "D:\Anaconda\lib\site-packages\cherrypy\process\wspbus.py", line 268, in start
    self.publish('start')
  File "D:\Anaconda\lib\site-packages\cherrypy\process\wspbus.py", line 248, in publish
    raise exc
cherrypy.process.wspbus.ChannelFailures: Timeout('Port 8080 not free on 0.0.0.0.')

[18/Dec/2021:14:16:38] ENGINE Bus STOPPING
[18/Dec/2021:14:16:38] ENGINE HTTP Server cherrypy._cpwsgi_server.CPWSGIServer(('0.0.0.0', 8080)) already shut down
[18/Dec/2021:14:16:38] ENGINE Stopped thread 'Autoreloader'.
[18/Dec/2021:14:16:38] ENGINE Bus STOPPED
[18/Dec/2021:14:16:38] ENGINE Bus EXITING
[18/Dec/2021:14:16:38] ENGINE Bus EXITED
[18/Dec/2021:14:16:55] ENGINE Bus STARTING
[18/Dec/2021:14:16:55] ENGINE Started monitor thread 'Autoreloader'.
[18/Dec/2021:14:16:56] ENGINE Error in 'start' listener <bound method Server.start of <cherrypy._cpserver.Server object at 0x00000142D8E9E310>>
Traceback (most recent call last):
  File "D:\Anaconda\lib\site-packages\portend.py", line 122, in free
    Checker(timeout=0.1).assert_free(host, port)
  File "D:\Anaconda\lib\site-packages\portend.py", line 71, in assert_free
    list(itertools.starmap(self._connect, info))
  File "D:\Anaconda\lib\site-packages\portend.py", line 87, in _connect
    raise PortNotFree(tmpl.format(**locals()))
portend.PortNotFree: Port 8080 is in use on 127.0.0.1.

During handling of the above exception, another exception occurred:

Traceback (most recent call last):
  File "D:\Anaconda\lib\site-packages\cherrypy\process\wspbus.py", line 230, in publish
    output.append(listener(*args, **kwargs))
  File "D:\Anaconda\lib\site-packages\cherrypy\_cpserver.py", line 180, in start
    super(Server, self).start()
  File "D:\Anaconda\lib\site-packages\cherrypy\process\servers.py", line 177, in start
    portend.free(*self.bind_addr, timeout=Timeouts.free)
  File "D:\Anaconda\lib\site-packages\portend.py", line 126, in free
    raise Timeout("Port {port} not free on {host}.".format(**locals()))
portend.Timeout: Port 8080 not free on 0.0.0.0.

[18/Dec/2021:14:16:56] ENGINE Shutting down due to error in start listener:
Traceback (most recent call last):
  File "D:\Anaconda\lib\site-packages\cherrypy\process\wspbus.py", line 268, in start
    self.publish('start')
  File "D:\Anaconda\lib\site-packages\cherrypy\process\wspbus.py", line 248, in publish
    raise exc
cherrypy.process.wspbus.ChannelFailures: Timeout('Port 8080 not free on 0.0.0.0.')

[18/Dec/2021:14:16:56] ENGINE Bus STOPPING
[18/Dec/2021:14:16:56] ENGINE HTTP Server cherrypy._cpwsgi_server.CPWSGIServer(('0.0.0.0', 8080)) already shut down
[18/Dec/2021:14:16:56] ENGINE Stopped thread 'Autoreloader'.
[18/Dec/2021:14:16:56] ENGINE Bus STOPPED
[18/Dec/2021:14:16:56] ENGINE Bus EXITING
[18/Dec/2021:14:16:56] ENGINE Bus EXITED
[18/Dec/2021:14:17:14] ENGINE Restarting because C:/Users/264979/Video-creative-platform/Docker/server.py changed.
[18/Dec/2021:14:17:14] ENGINE Stopped thread 'Autoreloader'.
[18/Dec/2021:14:17:14] ENGINE Bus STOPPING
[18/Dec/2021:14:17:14] ENGINE HTTP Server cherrypy._cpwsgi_server.CPWSGIServer(('0.0.0.0', 8080)) shut down
[18/Dec/2021:14:17:14] ENGINE Bus STOPPED
[18/Dec/2021:14:17:14] ENGINE Bus EXITING
[18/Dec/2021:14:17:14] ENGINE Waiting for child threads to terminate...
[18/Dec/2021:14:17:14] ENGINE Bus EXITED
[18/Dec/2021:14:17:14] ENGINE Re-spawning D:\Anaconda\python.exe C:/Users/264979/Video-creative-platform/Docker/server.py
[18/Dec/2021:14:17:19] ENGINE Bus STARTING
[18/Dec/2021:14:17:19] ENGINE Started monitor thread 'Autoreloader'.
[18/Dec/2021:14:17:19] ENGINE Bus STARTING
[18/Dec/2021:14:17:19] ENGINE Started monitor thread 'Autoreloader'.
[18/Dec/2021:14:17:19] ENGINE Serving on http://0.0.0.0:8080
[18/Dec/2021:14:17:19] ENGINE Bus STARTED
[18/Dec/2021:14:17:20] ENGINE Error in 'start' listener <bound method Server.start of <cherrypy._cpserver.Server object at 0x00000289A77EFF70>>
Traceback (most recent call last):
  File "D:\Anaconda\lib\site-packages\portend.py", line 122, in free
    Checker(timeout=0.1).assert_free(host, port)
  File "D:\Anaconda\lib\site-packages\portend.py", line 71, in assert_free
    list(itertools.starmap(self._connect, info))
  File "D:\Anaconda\lib\site-packages\portend.py", line 87, in _connect
    raise PortNotFree(tmpl.format(**locals()))
portend.PortNotFree: Port 8080 is in use on 127.0.0.1.

During handling of the above exception, another exception occurred:

Traceback (most recent call last):
  File "D:\Anaconda\lib\site-packages\cherrypy\process\wspbus.py", line 230, in publish
    output.append(listener(*args, **kwargs))
  File "D:\Anaconda\lib\site-packages\cherrypy\_cpserver.py", line 180, in start
    super(Server, self).start()
  File "D:\Anaconda\lib\site-packages\cherrypy\process\servers.py", line 177, in start
    portend.free(*self.bind_addr, timeout=Timeouts.free)
  File "D:\Anaconda\lib\site-packages\portend.py", line 126, in free
    raise Timeout("Port {port} not free on {host}.".format(**locals()))
portend.Timeout: Port 8080 not free on 0.0.0.0.

[18/Dec/2021:14:17:20] ENGINE Shutting down due to error in start listener:
Traceback (most recent call last):
  File "D:\Anaconda\lib\site-packages\cherrypy\process\wspbus.py", line 268, in start
    self.publish('start')
  File "D:\Anaconda\lib\site-packages\cherrypy\process\wspbus.py", line 248, in publish
    raise exc
cherrypy.process.wspbus.ChannelFailures: Timeout('Port 8080 not free on 0.0.0.0.')

[18/Dec/2021:14:17:20] ENGINE Bus STOPPING
[18/Dec/2021:14:17:20] ENGINE HTTP Server cherrypy._cpwsgi_server.CPWSGIServer(('0.0.0.0', 8080)) already shut down
[18/Dec/2021:14:17:20] ENGINE Stopped thread 'Autoreloader'.
[18/Dec/2021:14:17:20] ENGINE Bus STOPPED
[18/Dec/2021:14:17:20] ENGINE Bus EXITING
[18/Dec/2021:14:17:20] ENGINE Bus EXITED
[18/Dec/2021:14:17:30] ENGINE Bus STARTING
[18/Dec/2021:14:17:30] ENGINE Started monitor thread 'Autoreloader'.
[18/Dec/2021:14:17:30] ENGINE Serving on http://0.0.0.0:8080
[18/Dec/2021:14:17:30] ENGINE Bus STARTED
[18/Dec/2021:14:18:21] ENGINE Bus STARTING
[18/Dec/2021:14:18:21] ENGINE Started monitor thread 'Autoreloader'.
[18/Dec/2021:14:18:21] ENGINE Serving on http://0.0.0.0:8080
[18/Dec/2021:14:18:21] ENGINE Bus STARTED
[18/Dec/2021:14:33:47] ENGINE Bus STARTING
[18/Dec/2021:14:33:47] ENGINE Started monitor thread 'Autoreloader'.
[18/Dec/2021:14:33:47] ENGINE Serving on http://0.0.0.0:8080
[18/Dec/2021:14:33:47] ENGINE Bus STARTED
[18/Dec/2021:14:33:51]  Completed api call.Time spent 0.000 s
[18/Dec/2021:14:33:51] HTTP 
Traceback (most recent call last):
  File "D:\Anaconda\lib\site-packages\cherrypy\_cprequest.py", line 638, in respond
    self._do_respond(path_info)
  File "D:\Anaconda\lib\site-packages\cherrypy\_cprequest.py", line 697, in _do_respond
    response.body = self.handler()
  File "D:\Anaconda\lib\site-packages\cherrypy\lib\encoding.py", line 219, in __call__
    self.body = self.oldhandler(*args, **kwargs)
  File "D:\Anaconda\lib\site-packages\cherrypy\_cpdispatch.py", line 54, in __call__
    return self.callable(*self.args, **self.kwargs)
  File "C:/Users/264979/Video-creative-platform/Docker/server.py", line 270, in cutout
    return process_api_request_cutout(body).encode("utf-8")
  File "C:/Users/264979/Video-creative-platform/Docker/server.py", line 84, in process_api_request_cutout
    imageFileObj = open(output_path, 'rb')
FileNotFoundError: [Errno 2] No such file or directory: '789.png'
[18/Dec/2021:14:33:51] HTTP 
Request Headers:
  Remote-Addr: 127.0.0.1
  HOST: localhost:8080
  USER-AGENT: python-requests/2.24.0
  ACCEPT-ENCODING: gzip, deflate
  ACCEPT: */*
  CONNECTION: keep-alive
  Content-Type: application/json
  Content-Length: 586712
[18/Dec/2021:14:34:38] ENGINE Bus STARTING
[18/Dec/2021:14:34:38] ENGINE Started monitor thread 'Autoreloader'.
[18/Dec/2021:14:34:38] ENGINE Serving on http://0.0.0.0:8080
[18/Dec/2021:14:34:38] ENGINE Bus STARTED
[18/Dec/2021:14:34:57]  Completed api call.Time spent 11.050 s
[18/Dec/2021:15:55:50] ENGINE Bus STARTING
[18/Dec/2021:15:55:50] ENGINE Started monitor thread 'Autoreloader'.
[18/Dec/2021:15:55:51] ENGINE Serving on http://0.0.0.0:8080
[18/Dec/2021:15:55:51] ENGINE Bus STARTED
[18/Dec/2021:16:00:20] ENGINE Bus STARTING
[18/Dec/2021:16:00:20] ENGINE Started monitor thread 'Autoreloader'.
[18/Dec/2021:16:00:20] ENGINE Serving on http://0.0.0.0:8080
[18/Dec/2021:16:00:20] ENGINE Bus STARTED
[18/Dec/2021:16:01:05] ENGINE Bus STARTING
[18/Dec/2021:16:01:05] ENGINE Started monitor thread 'Autoreloader'.
[18/Dec/2021:16:01:06] ENGINE Serving on http://0.0.0.0:8080
[18/Dec/2021:16:01:06] ENGINE Bus STARTED
[18/Dec/2021:16:01:43] ENGINE Restarting because C:/Users/264979/Video-creative-platform/Docker/server.py changed.
[18/Dec/2021:16:01:43] ENGINE Stopped thread 'Autoreloader'.
[18/Dec/2021:16:01:43] ENGINE Bus STOPPING
[18/Dec/2021:16:01:43] ENGINE HTTP Server cherrypy._cpwsgi_server.CPWSGIServer(('0.0.0.0', 8080)) shut down
[18/Dec/2021:16:01:43] ENGINE Bus STOPPED
[18/Dec/2021:16:01:43] ENGINE Bus EXITING
[18/Dec/2021:16:01:43] ENGINE Waiting for child threads to terminate...
[18/Dec/2021:16:01:43] ENGINE Bus EXITED
[18/Dec/2021:16:01:43] ENGINE Re-spawning D:\Anaconda\python.exe C:/Users/264979/Video-creative-platform/Docker/server.py
[18/Dec/2021:16:01:48] ENGINE Bus STARTING
[18/Dec/2021:16:01:48] ENGINE Started monitor thread 'Autoreloader'.
[18/Dec/2021:16:01:48] ENGINE Serving on http://0.0.0.0:8080
[18/Dec/2021:16:01:48] ENGINE Bus STARTED
[18/Dec/2021:16:01:49] HTTP 
Traceback (most recent call last):
  File "D:\Anaconda\lib\site-packages\cherrypy\_cprequest.py", line 638, in respond
    self._do_respond(path_info)
  File "D:\Anaconda\lib\site-packages\cherrypy\_cprequest.py", line 697, in _do_respond
    response.body = self.handler()
  File "D:\Anaconda\lib\site-packages\cherrypy\lib\encoding.py", line 219, in __call__
    self.body = self.oldhandler(*args, **kwargs)
  File "D:\Anaconda\lib\site-packages\cherrypy\_cpdispatch.py", line 54, in __call__
    return self.callable(*self.args, **self.kwargs)
  File "C:/Users/264979/Video-creative-platform/Docker/server.py", line 299, in cutout
    return process_api_request_cutout(body).encode("utf-8")
  File "C:/Users/264979/Video-creative-platform/Docker/server.py", line 84, in process_api_request_cutout
    process_request_by_input_output_path(input_path, output_path, model_for_detection)
  File "C:/Users/264979/Video-creative-platform/Docker/server.py", line 38, in process_request_by_input_output_path
    print("Process img : " + input_path)
OSError: [Errno 22] Invalid argument
[18/Dec/2021:16:01:49] HTTP 
Request Headers:
  Remote-Addr: 127.0.0.1
  HOST: localhost:8080
  USER-AGENT: python-requests/2.24.0
  ACCEPT-ENCODING: gzip, deflate
  ACCEPT: */*
  CONNECTION: keep-alive
  Content-Type: application/json
  Content-Length: 586712
[18/Dec/2021:16:02:25] HTTP 
Traceback (most recent call last):
  File "D:\Anaconda\lib\site-packages\cherrypy\_cprequest.py", line 638, in respond
    self._do_respond(path_info)
  File "D:\Anaconda\lib\site-packages\cherrypy\_cprequest.py", line 697, in _do_respond
    response.body = self.handler()
  File "D:\Anaconda\lib\site-packages\cherrypy\lib\encoding.py", line 219, in __call__
    self.body = self.oldhandler(*args, **kwargs)
  File "D:\Anaconda\lib\site-packages\cherrypy\_cpdispatch.py", line 54, in __call__
    return self.callable(*self.args, **self.kwargs)
  File "C:/Users/264979/Video-creative-platform/Docker/server.py", line 299, in cutout
    return process_api_request_cutout(body).encode("utf-8")
  File "C:/Users/264979/Video-creative-platform/Docker/server.py", line 84, in process_api_request_cutout
    process_request_by_input_output_path(input_path, output_path, model_for_detection)
  File "C:/Users/264979/Video-creative-platform/Docker/server.py", line 38, in process_request_by_input_output_path
    print("Process img : " + input_path)
OSError: [Errno 22] Invalid argument
[18/Dec/2021:16:02:25] HTTP 
Request Headers:
  Remote-Addr: 127.0.0.1
  HOST: localhost:8080
  USER-AGENT: python-requests/2.24.0
  ACCEPT-ENCODING: gzip, deflate
  ACCEPT: */*
  CONNECTION: keep-alive
  Content-Type: application/json
  Content-Length: 586712
[18/Dec/2021:16:02:32] ENGINE Bus STARTING
[18/Dec/2021:16:02:32] ENGINE Started monitor thread 'Autoreloader'.
[18/Dec/2021:16:02:33] ENGINE Error in 'start' listener <bound method Server.start of <cherrypy._cpserver.Server object at 0x0000024B75A20EE0>>
Traceback (most recent call last):
  File "D:\Anaconda\lib\site-packages\portend.py", line 122, in free
    Checker(timeout=0.1).assert_free(host, port)
  File "D:\Anaconda\lib\site-packages\portend.py", line 71, in assert_free
    list(itertools.starmap(self._connect, info))
  File "D:\Anaconda\lib\site-packages\portend.py", line 87, in _connect
    raise PortNotFree(tmpl.format(**locals()))
portend.PortNotFree: Port 8080 is in use on 127.0.0.1.

During handling of the above exception, another exception occurred:

Traceback (most recent call last):
  File "D:\Anaconda\lib\site-packages\cherrypy\process\wspbus.py", line 230, in publish
    output.append(listener(*args, **kwargs))
  File "D:\Anaconda\lib\site-packages\cherrypy\_cpserver.py", line 180, in start
    super(Server, self).start()
  File "D:\Anaconda\lib\site-packages\cherrypy\process\servers.py", line 177, in start
    portend.free(*self.bind_addr, timeout=Timeouts.free)
  File "D:\Anaconda\lib\site-packages\portend.py", line 126, in free
    raise Timeout("Port {port} not free on {host}.".format(**locals()))
portend.Timeout: Port 8080 not free on 0.0.0.0.

[18/Dec/2021:16:02:33] ENGINE Shutting down due to error in start listener:
Traceback (most recent call last):
  File "D:\Anaconda\lib\site-packages\cherrypy\process\wspbus.py", line 268, in start
    self.publish('start')
  File "D:\Anaconda\lib\site-packages\cherrypy\process\wspbus.py", line 248, in publish
    raise exc
cherrypy.process.wspbus.ChannelFailures: Timeout('Port 8080 not free on 0.0.0.0.')

[18/Dec/2021:16:02:33] ENGINE Bus STOPPING
[18/Dec/2021:16:02:33] ENGINE HTTP Server cherrypy._cpwsgi_server.CPWSGIServer(('0.0.0.0', 8080)) already shut down
[18/Dec/2021:16:02:33] ENGINE Stopped thread 'Autoreloader'.
[18/Dec/2021:16:02:33] ENGINE Bus STOPPED
[18/Dec/2021:16:02:33] ENGINE Bus EXITING
[18/Dec/2021:16:02:33] ENGINE Bus EXITED
[18/Dec/2021:16:03:17] ENGINE Bus STARTING
[18/Dec/2021:16:03:17] ENGINE Started monitor thread 'Autoreloader'.
[18/Dec/2021:16:03:18] ENGINE Error in 'start' listener <bound method Server.start of <cherrypy._cpserver.Server object at 0x0000012E4F8E6E50>>
Traceback (most recent call last):
  File "D:\Anaconda\lib\site-packages\portend.py", line 122, in free
    Checker(timeout=0.1).assert_free(host, port)
  File "D:\Anaconda\lib\site-packages\portend.py", line 71, in assert_free
    list(itertools.starmap(self._connect, info))
  File "D:\Anaconda\lib\site-packages\portend.py", line 87, in _connect
    raise PortNotFree(tmpl.format(**locals()))
portend.PortNotFree: Port 8080 is in use on 127.0.0.1.

During handling of the above exception, another exception occurred:

Traceback (most recent call last):
  File "D:\Anaconda\lib\site-packages\cherrypy\process\wspbus.py", line 230, in publish
    output.append(listener(*args, **kwargs))
  File "D:\Anaconda\lib\site-packages\cherrypy\_cpserver.py", line 180, in start
    super(Server, self).start()
  File "D:\Anaconda\lib\site-packages\cherrypy\process\servers.py", line 177, in start
    portend.free(*self.bind_addr, timeout=Timeouts.free)
  File "D:\Anaconda\lib\site-packages\portend.py", line 126, in free
    raise Timeout("Port {port} not free on {host}.".format(**locals()))
portend.Timeout: Port 8080 not free on 0.0.0.0.

[18/Dec/2021:16:03:18] ENGINE Shutting down due to error in start listener:
Traceback (most recent call last):
  File "D:\Anaconda\lib\site-packages\cherrypy\process\wspbus.py", line 268, in start
    self.publish('start')
  File "D:\Anaconda\lib\site-packages\cherrypy\process\wspbus.py", line 248, in publish
    raise exc
cherrypy.process.wspbus.ChannelFailures: Timeout('Port 8080 not free on 0.0.0.0.')

[18/Dec/2021:16:03:18] ENGINE Bus STOPPING
[18/Dec/2021:16:03:18] ENGINE HTTP Server cherrypy._cpwsgi_server.CPWSGIServer(('0.0.0.0', 8080)) already shut down
[18/Dec/2021:16:03:18] ENGINE Stopped thread 'Autoreloader'.
[18/Dec/2021:16:03:18] ENGINE Bus STOPPED
[18/Dec/2021:16:03:18] ENGINE Bus EXITING
[18/Dec/2021:16:03:18] ENGINE Bus EXITED
[18/Dec/2021:16:03:26] ENGINE Bus STARTING
[18/Dec/2021:16:03:26] ENGINE Started monitor thread 'Autoreloader'.
[18/Dec/2021:16:03:27] ENGINE Error in 'start' listener <bound method Server.start of <cherrypy._cpserver.Server object at 0x0000022644D016A0>>
Traceback (most recent call last):
  File "D:\Anaconda\lib\site-packages\portend.py", line 122, in free
    Checker(timeout=0.1).assert_free(host, port)
  File "D:\Anaconda\lib\site-packages\portend.py", line 71, in assert_free
    list(itertools.starmap(self._connect, info))
  File "D:\Anaconda\lib\site-packages\portend.py", line 87, in _connect
    raise PortNotFree(tmpl.format(**locals()))
portend.PortNotFree: Port 8080 is in use on 127.0.0.1.

During handling of the above exception, another exception occurred:

Traceback (most recent call last):
  File "D:\Anaconda\lib\site-packages\cherrypy\process\wspbus.py", line 230, in publish
    output.append(listener(*args, **kwargs))
  File "D:\Anaconda\lib\site-packages\cherrypy\_cpserver.py", line 180, in start
    super(Server, self).start()
  File "D:\Anaconda\lib\site-packages\cherrypy\process\servers.py", line 177, in start
    portend.free(*self.bind_addr, timeout=Timeouts.free)
  File "D:\Anaconda\lib\site-packages\portend.py", line 126, in free
    raise Timeout("Port {port} not free on {host}.".format(**locals()))
portend.Timeout: Port 8080 not free on 0.0.0.0.

[18/Dec/2021:16:03:27] ENGINE Shutting down due to error in start listener:
Traceback (most recent call last):
  File "D:\Anaconda\lib\site-packages\cherrypy\process\wspbus.py", line 268, in start
    self.publish('start')
  File "D:\Anaconda\lib\site-packages\cherrypy\process\wspbus.py", line 248, in publish
    raise exc
cherrypy.process.wspbus.ChannelFailures: Timeout('Port 8080 not free on 0.0.0.0.')

[18/Dec/2021:16:03:27] ENGINE Bus STOPPING
[18/Dec/2021:16:03:27] ENGINE HTTP Server cherrypy._cpwsgi_server.CPWSGIServer(('0.0.0.0', 8080)) already shut down
[18/Dec/2021:16:03:27] ENGINE Stopped thread 'Autoreloader'.
[18/Dec/2021:16:03:27] ENGINE Bus STOPPED
[18/Dec/2021:16:03:27] ENGINE Bus EXITING
[18/Dec/2021:16:03:27] ENGINE Bus EXITED
[18/Dec/2021:16:03:42] ENGINE Restarting because C:/Users/264979/Video-creative-platform/Docker/server.py changed.
[18/Dec/2021:16:03:42] ENGINE Stopped thread 'Autoreloader'.
[18/Dec/2021:16:03:42] ENGINE Bus STOPPING
[18/Dec/2021:16:03:43] ENGINE HTTP Server cherrypy._cpwsgi_server.CPWSGIServer(('0.0.0.0', 8080)) shut down
[18/Dec/2021:16:03:43] ENGINE Bus STOPPED
[18/Dec/2021:16:03:43] ENGINE Bus EXITING
[18/Dec/2021:16:03:43] ENGINE Bus EXITED
[18/Dec/2021:16:03:43] ENGINE Waiting for child threads to terminate...
[18/Dec/2021:16:03:43] ENGINE Re-spawning D:\Anaconda\python.exe C:/Users/264979/Video-creative-platform/Docker/server.py
[18/Dec/2021:16:03:47] ENGINE Bus STARTING
[18/Dec/2021:16:03:47] ENGINE Started monitor thread 'Autoreloader'.
[18/Dec/2021:16:03:48] ENGINE Serving on http://0.0.0.0:8080
[18/Dec/2021:16:03:48] ENGINE Bus STARTED
[18/Dec/2021:16:03:48] ENGINE Bus STARTING
[18/Dec/2021:16:03:48] ENGINE Started monitor thread 'Autoreloader'.
[18/Dec/2021:16:03:49] ENGINE Error in 'start' listener <bound method Server.start of <cherrypy._cpserver.Server object at 0x000001836D40BFA0>>
Traceback (most recent call last):
  File "D:\Anaconda\lib\site-packages\portend.py", line 122, in free
    Checker(timeout=0.1).assert_free(host, port)
  File "D:\Anaconda\lib\site-packages\portend.py", line 71, in assert_free
    list(itertools.starmap(self._connect, info))
  File "D:\Anaconda\lib\site-packages\portend.py", line 87, in _connect
    raise PortNotFree(tmpl.format(**locals()))
portend.PortNotFree: Port 8080 is in use on 127.0.0.1.

During handling of the above exception, another exception occurred:

Traceback (most recent call last):
  File "D:\Anaconda\lib\site-packages\cherrypy\process\wspbus.py", line 230, in publish
    output.append(listener(*args, **kwargs))
  File "D:\Anaconda\lib\site-packages\cherrypy\_cpserver.py", line 180, in start
    super(Server, self).start()
  File "D:\Anaconda\lib\site-packages\cherrypy\process\servers.py", line 177, in start
    portend.free(*self.bind_addr, timeout=Timeouts.free)
  File "D:\Anaconda\lib\site-packages\portend.py", line 126, in free
    raise Timeout("Port {port} not free on {host}.".format(**locals()))
portend.Timeout: Port 8080 not free on 0.0.0.0.

[18/Dec/2021:16:03:49] ENGINE Shutting down due to error in start listener:
Traceback (most recent call last):
  File "D:\Anaconda\lib\site-packages\cherrypy\process\wspbus.py", line 268, in start
    self.publish('start')
  File "D:\Anaconda\lib\site-packages\cherrypy\process\wspbus.py", line 248, in publish
    raise exc
cherrypy.process.wspbus.ChannelFailures: Timeout('Port 8080 not free on 0.0.0.0.')

[18/Dec/2021:16:03:49] ENGINE Bus STOPPING
[18/Dec/2021:16:03:49] ENGINE HTTP Server cherrypy._cpwsgi_server.CPWSGIServer(('0.0.0.0', 8080)) already shut down
[18/Dec/2021:16:03:49] ENGINE Stopped thread 'Autoreloader'.
[18/Dec/2021:16:03:49] ENGINE Bus STOPPED
[18/Dec/2021:16:03:49] ENGINE Bus EXITING
[18/Dec/2021:16:03:49] ENGINE Bus EXITED
[18/Dec/2021:16:03:57] ENGINE Bus STARTING
[18/Dec/2021:16:03:57] ENGINE Started monitor thread 'Autoreloader'.
[18/Dec/2021:16:03:58] ENGINE Serving on http://0.0.0.0:8080
[18/Dec/2021:16:03:58] ENGINE Bus STARTED
[18/Dec/2021:16:04:17]  Completed api call.Time spent 10.794 s
[18/Dec/2021:16:06:34] ENGINE Bus STARTING
[18/Dec/2021:16:06:34] ENGINE Started monitor thread 'Autoreloader'.
[18/Dec/2021:16:06:34] ENGINE Serving on http://0.0.0.0:8080
[18/Dec/2021:16:06:34] ENGINE Bus STARTED
[18/Dec/2021:16:07:54] ENGINE Bus STARTING
[18/Dec/2021:16:07:54] ENGINE Started monitor thread 'Autoreloader'.
[18/Dec/2021:16:07:54] ENGINE Serving on http://0.0.0.0:8080
[18/Dec/2021:16:07:54] ENGINE Bus STARTED
[18/Dec/2021:16:08:03] HTTP 
Traceback (most recent call last):
  File "D:\Anaconda\lib\site-packages\cherrypy\_cprequest.py", line 638, in respond
    self._do_respond(path_info)
  File "D:\Anaconda\lib\site-packages\cherrypy\_cprequest.py", line 697, in _do_respond
    response.body = self.handler()
  File "D:\Anaconda\lib\site-packages\cherrypy\lib\encoding.py", line 219, in __call__
    self.body = self.oldhandler(*args, **kwargs)
  File "D:\Anaconda\lib\site-packages\cherrypy\_cpdispatch.py", line 54, in __call__
    return self.callable(*self.args, **self.kwargs)
  File "C:/Users/264979/Video-creative-platform/Docker/server.py", line 309, in cutouts
    return process_api_request_cutouts(body).encode("utf-8")
  File "C:/Users/264979/Video-creative-platform/Docker/server.py", line 103, in process_api_request_cutouts
    print(len(image_bytes["imgs"]))
TypeError: string indices must be integers
[18/Dec/2021:16:08:03] HTTP 
Request Headers:
  Remote-Addr: 127.0.0.1
  HOST: localhost:8080
  USER-AGENT: python-requests/2.24.0
  ACCEPT-ENCODING: gzip, deflate
  ACCEPT: */*
  CONNECTION: keep-alive
  Content-Type: application/json
  Content-Length: 2305184
[18/Dec/2021:16:08:31] ENGINE Bus STARTING
[18/Dec/2021:16:08:31] ENGINE Started monitor thread 'Autoreloader'.
[18/Dec/2021:16:08:31] ENGINE Serving on http://0.0.0.0:8080
[18/Dec/2021:16:08:31] ENGINE Bus STARTED
[18/Dec/2021:16:09:46] ENGINE Bus STARTING
[18/Dec/2021:16:09:46] ENGINE Started monitor thread 'Autoreloader'.
[18/Dec/2021:16:09:46] ENGINE Serving on http://0.0.0.0:8080
[18/Dec/2021:16:09:46] ENGINE Bus STARTED
[18/Dec/2021:16:09:53] HTTP 
Traceback (most recent call last):
  File "D:\Anaconda\lib\site-packages\cherrypy\_cprequest.py", line 638, in respond
    self._do_respond(path_info)
  File "D:\Anaconda\lib\site-packages\cherrypy\_cprequest.py", line 697, in _do_respond
    response.body = self.handler()
  File "D:\Anaconda\lib\site-packages\cherrypy\lib\encoding.py", line 219, in __call__
    self.body = self.oldhandler(*args, **kwargs)
  File "D:\Anaconda\lib\site-packages\cherrypy\_cpdispatch.py", line 54, in __call__
    return self.callable(*self.args, **self.kwargs)
  File "C:/Users/264979/Video-creative-platform/Docker/server.py", line 309, in cutouts
    return process_api_request_cutouts(body).encode("utf-8")
  File "C:/Users/264979/Video-creative-platform/Docker/server.py", line 103, in process_api_request_cutouts
    print(json.load(image_bytes))
  File "D:\Anaconda\lib\json\__init__.py", line 293, in load
    return loads(fp.read(),
AttributeError: 'str' object has no attribute 'read'
[18/Dec/2021:16:09:53] HTTP 
Request Headers:
  Remote-Addr: 127.0.0.1
  HOST: localhost:8080
  USER-AGENT: python-requests/2.24.0
  ACCEPT-ENCODING: gzip, deflate
  ACCEPT: */*
  CONNECTION: keep-alive
  Content-Type: application/json
  Content-Length: 2305184
[18/Dec/2021:16:10:28] ENGINE Bus STARTING
[18/Dec/2021:16:10:28] ENGINE Started monitor thread 'Autoreloader'.
[18/Dec/2021:16:10:28] ENGINE Serving on http://0.0.0.0:8080
[18/Dec/2021:16:10:28] ENGINE Bus STARTED
[18/Dec/2021:16:10:35] HTTP 
Traceback (most recent call last):
  File "D:\Anaconda\lib\site-packages\cherrypy\_cprequest.py", line 638, in respond
    self._do_respond(path_info)
  File "D:\Anaconda\lib\site-packages\cherrypy\_cprequest.py", line 697, in _do_respond
    response.body = self.handler()
  File "D:\Anaconda\lib\site-packages\cherrypy\lib\encoding.py", line 219, in __call__
    self.body = self.oldhandler(*args, **kwargs)
  File "D:\Anaconda\lib\site-packages\cherrypy\_cpdispatch.py", line 54, in __call__
    return self.callable(*self.args, **self.kwargs)
  File "C:/Users/264979/Video-creative-platform/Docker/server.py", line 309, in cutouts
    return process_api_request_cutouts(body).encode("utf-8")
  File "C:/Users/264979/Video-creative-platform/Docker/server.py", line 103, in process_api_request_cutouts
    print(json.load(image_bytes))
  File "D:\Anaconda\lib\json\__init__.py", line 293, in load
    return loads(fp.read(),
AttributeError: 'dict' object has no attribute 'read'
[18/Dec/2021:16:10:35] HTTP 
Request Headers:
  Remote-Addr: 127.0.0.1
  HOST: localhost:8080
  USER-AGENT: python-requests/2.24.0
  ACCEPT-ENCODING: gzip, deflate
  ACCEPT: */*
  CONNECTION: keep-alive
  Content-Type: application/json
  Content-Length: 1990616
[18/Dec/2021:16:11:08] ENGINE Bus STARTING
[18/Dec/2021:16:11:08] ENGINE Started monitor thread 'Autoreloader'.
[18/Dec/2021:16:11:08] ENGINE Serving on http://0.0.0.0:8080
[18/Dec/2021:16:11:08] ENGINE Bus STARTED
[18/Dec/2021:16:19:09] ENGINE Bus STARTING
[18/Dec/2021:16:19:09] ENGINE Started monitor thread 'Autoreloader'.
[18/Dec/2021:16:19:09] ENGINE Serving on http://0.0.0.0:8080
[18/Dec/2021:16:19:09] ENGINE Bus STARTED
[18/Dec/2021:16:19:40]  Completed api call.Time spent 13.901 s
[18/Dec/2021:16:19:41]  Completed api call.Time spent 13.901 s
[18/Dec/2021:16:22:53] ENGINE Bus STARTING
[18/Dec/2021:16:22:53] ENGINE Started monitor thread 'Autoreloader'.
[18/Dec/2021:16:22:53] ENGINE Serving on http://0.0.0.0:8080
[18/Dec/2021:16:22:53] ENGINE Bus STARTED
[18/Dec/2021:16:23:14]  Completed api call.Time spent 13.280 s
[18/Dec/2021:16:23:14]  Completed api call.Time spent 13.358 s
[18/Dec/2021:16:25:20] ENGINE Bus STARTING
[18/Dec/2021:16:25:20] ENGINE Started monitor thread 'Autoreloader'.
[18/Dec/2021:16:25:20] ENGINE Serving on http://0.0.0.0:8080
[18/Dec/2021:16:25:20] ENGINE Bus STARTED
[18/Dec/2021:16:25:41]  Completed api call.Time spent 13.172 s
[18/Dec/2021:16:25:41]  Completed api call.Time spent 13.412 s
[18/Dec/2021:16:26:04] ENGINE Bus STARTING
[18/Dec/2021:16:26:04] ENGINE Started monitor thread 'Autoreloader'.
[18/Dec/2021:16:26:04] ENGINE Serving on http://0.0.0.0:8080
[18/Dec/2021:16:26:04] ENGINE Bus STARTED
[18/Dec/2021:16:26:25]  Completed api call.Time spent 13.231 s
[18/Dec/2021:16:26:25]  Completed api call.Time spent 13.403 s
[18/Dec/2021:16:27:02] ENGINE Bus STARTING
[18/Dec/2021:16:27:02] ENGINE Started monitor thread 'Autoreloader'.
[18/Dec/2021:16:27:03] ENGINE Serving on http://0.0.0.0:8080
[18/Dec/2021:16:27:03] ENGINE Bus STARTED
[18/Dec/2021:16:27:23]  Completed api call.Time spent 13.382 s
[18/Dec/2021:16:27:24]  Completed api call.Time spent 13.491 s
[18/Dec/2021:16:28:06] ENGINE Bus STARTING
[18/Dec/2021:16:28:06] ENGINE Started monitor thread 'Autoreloader'.
[18/Dec/2021:16:28:06] ENGINE Serving on http://0.0.0.0:8080
[18/Dec/2021:16:28:06] ENGINE Bus STARTED
[18/Dec/2021:16:28:28]  Completed api call.Time spent 13.143 s
[18/Dec/2021:16:28:28]  Completed api call.Time spent 13.284 s
[18/Dec/2021:16:30:56] ENGINE Bus STARTING
[18/Dec/2021:16:30:56] ENGINE Started monitor thread 'Autoreloader'.
[18/Dec/2021:16:30:56] ENGINE Serving on http://0.0.0.0:8080
[18/Dec/2021:16:30:56] ENGINE Bus STARTED
[18/Dec/2021:16:31:17]  Completed api call.Time spent 13.205 s
[18/Dec/2021:16:31:17]  Completed api call.Time spent 13.283 s
[18/Dec/2021:16:31:54] ENGINE Bus STARTING
[18/Dec/2021:16:31:54] ENGINE Started monitor thread 'Autoreloader'.
[18/Dec/2021:16:31:54] ENGINE Serving on http://0.0.0.0:8080
[18/Dec/2021:16:31:54] ENGINE Bus STARTED
[18/Dec/2021:16:32:15]  Completed api call.Time spent 13.150 s
[18/Dec/2021:16:32:15]  Completed api call.Time spent 13.291 s
[18/Dec/2021:16:37:11] ENGINE Bus STARTING
[18/Dec/2021:16:37:11] ENGINE Started monitor thread 'Autoreloader'.
[18/Dec/2021:16:37:11] ENGINE Serving on http://0.0.0.0:8080
[18/Dec/2021:16:37:11] ENGINE Bus STARTED
[18/Dec/2021:16:37:31]  Completed api call.Time spent 13.202 s
[18/Dec/2021:16:37:32]  Completed api call.Time spent 13.393 s
[18/Dec/2021:16:38:00] ENGINE Bus STARTING
[18/Dec/2021:16:38:00] ENGINE Started monitor thread 'Autoreloader'.
[18/Dec/2021:16:38:00] ENGINE Serving on http://0.0.0.0:8080
[18/Dec/2021:16:38:00] ENGINE Bus STARTED
[18/Dec/2021:16:38:43] ENGINE Restarting because C:/Users/264979/Video-creative-platform/Docker/server.py changed.
[18/Dec/2021:16:38:43] ENGINE Stopped thread 'Autoreloader'.
[18/Dec/2021:16:38:43] ENGINE Bus STOPPING
[18/Dec/2021:16:38:43] ENGINE HTTP Server cherrypy._cpwsgi_server.CPWSGIServer(('0.0.0.0', 8080)) shut down
[18/Dec/2021:16:38:43] ENGINE Bus STOPPED
[18/Dec/2021:16:38:43] ENGINE Bus EXITING
[18/Dec/2021:16:38:43] ENGINE Waiting for child threads to terminate...
[18/Dec/2021:16:38:43] ENGINE Bus EXITED
[18/Dec/2021:16:38:43] ENGINE Re-spawning D:\Anaconda\python.exe C:/Users/264979/Video-creative-platform/Docker/server.py
[18/Dec/2021:16:38:48] ENGINE Bus STARTING
[18/Dec/2021:16:38:48] ENGINE Started monitor thread 'Autoreloader'.
[18/Dec/2021:16:38:48] ENGINE Serving on http://0.0.0.0:8080
[18/Dec/2021:16:38:48] ENGINE Bus STARTED
[18/Dec/2021:16:38:50] HTTP 
Traceback (most recent call last):
  File "D:\Anaconda\lib\site-packages\cherrypy\_cprequest.py", line 638, in respond
    self._do_respond(path_info)
  File "D:\Anaconda\lib\site-packages\cherrypy\_cprequest.py", line 697, in _do_respond
    response.body = self.handler()
  File "D:\Anaconda\lib\site-packages\cherrypy\lib\encoding.py", line 219, in __call__
    self.body = self.oldhandler(*args, **kwargs)
  File "D:\Anaconda\lib\site-packages\cherrypy\_cpdispatch.py", line 54, in __call__
    return self.callable(*self.args, **self.kwargs)
  File "C:/Users/264979/Video-creative-platform/Docker/server.py", line 313, in cutout
    return process_api_request_cutout(body).encode("utf-8")
  File "C:/Users/264979/Video-creative-platform/Docker/server.py", line 84, in process_api_request_cutout
    process_request_by_input_output_path(input_path, output_path, model_for_detection)
  File "C:/Users/264979/Video-creative-platform/Docker/server.py", line 38, in process_request_by_input_output_path
    print("Process img : " + input_path)
OSError: [Errno 22] Invalid argument
[18/Dec/2021:16:38:50] HTTP 
Request Headers:
  Remote-Addr: 127.0.0.1
  HOST: localhost:8080
  USER-AGENT: python-requests/2.24.0
  ACCEPT-ENCODING: gzip, deflate
  ACCEPT: */*
  CONNECTION: keep-alive
  Content-Type: application/json
  Content-Length: 586712
[18/Dec/2021:16:39:04] ENGINE Bus STARTING
[18/Dec/2021:16:39:04] ENGINE Started monitor thread 'Autoreloader'.
[18/Dec/2021:16:39:05] ENGINE Error in 'start' listener <bound method Server.start of <cherrypy._cpserver.Server object at 0x0000019C9D8FC280>>
Traceback (most recent call last):
  File "D:\Anaconda\lib\site-packages\portend.py", line 122, in free
    Checker(timeout=0.1).assert_free(host, port)
  File "D:\Anaconda\lib\site-packages\portend.py", line 71, in assert_free
    list(itertools.starmap(self._connect, info))
  File "D:\Anaconda\lib\site-packages\portend.py", line 87, in _connect
    raise PortNotFree(tmpl.format(**locals()))
portend.PortNotFree: Port 8080 is in use on 127.0.0.1.

During handling of the above exception, another exception occurred:

Traceback (most recent call last):
  File "D:\Anaconda\lib\site-packages\cherrypy\process\wspbus.py", line 230, in publish
    output.append(listener(*args, **kwargs))
  File "D:\Anaconda\lib\site-packages\cherrypy\_cpserver.py", line 180, in start
    super(Server, self).start()
  File "D:\Anaconda\lib\site-packages\cherrypy\process\servers.py", line 177, in start
    portend.free(*self.bind_addr, timeout=Timeouts.free)
  File "D:\Anaconda\lib\site-packages\portend.py", line 126, in free
    raise Timeout("Port {port} not free on {host}.".format(**locals()))
portend.Timeout: Port 8080 not free on 0.0.0.0.

[18/Dec/2021:16:39:05] ENGINE Shutting down due to error in start listener:
Traceback (most recent call last):
  File "D:\Anaconda\lib\site-packages\cherrypy\process\wspbus.py", line 268, in start
    self.publish('start')
  File "D:\Anaconda\lib\site-packages\cherrypy\process\wspbus.py", line 248, in publish
    raise exc
cherrypy.process.wspbus.ChannelFailures: Timeout('Port 8080 not free on 0.0.0.0.')

[18/Dec/2021:16:39:05] ENGINE Bus STOPPING
[18/Dec/2021:16:39:05] ENGINE HTTP Server cherrypy._cpwsgi_server.CPWSGIServer(('0.0.0.0', 8080)) already shut down
[18/Dec/2021:16:39:05] ENGINE Stopped thread 'Autoreloader'.
[18/Dec/2021:16:39:05] ENGINE Bus STOPPED
[18/Dec/2021:16:39:05] ENGINE Bus EXITING
[18/Dec/2021:16:39:05] ENGINE Bus EXITED
[18/Dec/2021:16:39:12] ENGINE Bus STARTING
[18/Dec/2021:16:39:12] ENGINE Started monitor thread 'Autoreloader'.
[18/Dec/2021:16:39:13] ENGINE Error in 'start' listener <bound method Server.start of <cherrypy._cpserver.Server object at 0x00000131AC4C94F0>>
Traceback (most recent call last):
  File "D:\Anaconda\lib\site-packages\portend.py", line 122, in free
    Checker(timeout=0.1).assert_free(host, port)
  File "D:\Anaconda\lib\site-packages\portend.py", line 71, in assert_free
    list(itertools.starmap(self._connect, info))
  File "D:\Anaconda\lib\site-packages\portend.py", line 87, in _connect
    raise PortNotFree(tmpl.format(**locals()))
portend.PortNotFree: Port 8080 is in use on 127.0.0.1.

During handling of the above exception, another exception occurred:

Traceback (most recent call last):
  File "D:\Anaconda\lib\site-packages\cherrypy\process\wspbus.py", line 230, in publish
    output.append(listener(*args, **kwargs))
  File "D:\Anaconda\lib\site-packages\cherrypy\_cpserver.py", line 180, in start
    super(Server, self).start()
  File "D:\Anaconda\lib\site-packages\cherrypy\process\servers.py", line 177, in start
    portend.free(*self.bind_addr, timeout=Timeouts.free)
  File "D:\Anaconda\lib\site-packages\portend.py", line 126, in free
    raise Timeout("Port {port} not free on {host}.".format(**locals()))
portend.Timeout: Port 8080 not free on 0.0.0.0.

[18/Dec/2021:16:39:13] ENGINE Shutting down due to error in start listener:
Traceback (most recent call last):
  File "D:\Anaconda\lib\site-packages\cherrypy\process\wspbus.py", line 268, in start
    self.publish('start')
  File "D:\Anaconda\lib\site-packages\cherrypy\process\wspbus.py", line 248, in publish
    raise exc
cherrypy.process.wspbus.ChannelFailures: Timeout('Port 8080 not free on 0.0.0.0.')

[18/Dec/2021:16:39:13] ENGINE Bus STOPPING
[18/Dec/2021:16:39:13] ENGINE HTTP Server cherrypy._cpwsgi_server.CPWSGIServer(('0.0.0.0', 8080)) already shut down
[18/Dec/2021:16:39:13] ENGINE Stopped thread 'Autoreloader'.
[18/Dec/2021:16:39:13] ENGINE Bus STOPPED
[18/Dec/2021:16:39:13] ENGINE Bus EXITING
[18/Dec/2021:16:39:13] ENGINE Bus EXITED
[18/Dec/2021:16:39:32] ENGINE Restarting because C:/Users/264979/Video-creative-platform/Docker/server.py changed.
[18/Dec/2021:16:39:32] ENGINE Stopped thread 'Autoreloader'.
[18/Dec/2021:16:39:32] ENGINE Bus STOPPING
[18/Dec/2021:16:39:32] ENGINE HTTP Server cherrypy._cpwsgi_server.CPWSGIServer(('0.0.0.0', 8080)) shut down
[18/Dec/2021:16:39:32] ENGINE Bus STOPPED
[18/Dec/2021:16:39:32] ENGINE Bus EXITING
[18/Dec/2021:16:39:32] ENGINE Waiting for child threads to terminate...
[18/Dec/2021:16:39:32] ENGINE Bus EXITED
[18/Dec/2021:16:39:32] ENGINE Re-spawning D:\Anaconda\python.exe C:/Users/264979/Video-creative-platform/Docker/server.py
[18/Dec/2021:16:39:37] ENGINE Bus STARTING
[18/Dec/2021:16:39:37] ENGINE Started monitor thread 'Autoreloader'.
[18/Dec/2021:16:39:37] ENGINE Serving on http://0.0.0.0:8080
[18/Dec/2021:16:39:37] ENGINE Bus STARTED
[18/Dec/2021:16:39:37] ENGINE Bus STARTING
[18/Dec/2021:16:39:37] ENGINE Started monitor thread 'Autoreloader'.
[18/Dec/2021:16:39:38] ENGINE Error in 'start' listener <bound method Server.start of <cherrypy._cpserver.Server object at 0x0000022E67424160>>
Traceback (most recent call last):
  File "D:\Anaconda\lib\site-packages\portend.py", line 122, in free
    Checker(timeout=0.1).assert_free(host, port)
  File "D:\Anaconda\lib\site-packages\portend.py", line 71, in assert_free
    list(itertools.starmap(self._connect, info))
  File "D:\Anaconda\lib\site-packages\portend.py", line 87, in _connect
    raise PortNotFree(tmpl.format(**locals()))
portend.PortNotFree: Port 8080 is in use on 127.0.0.1.

During handling of the above exception, another exception occurred:

Traceback (most recent call last):
  File "D:\Anaconda\lib\site-packages\cherrypy\process\wspbus.py", line 230, in publish
    output.append(listener(*args, **kwargs))
  File "D:\Anaconda\lib\site-packages\cherrypy\_cpserver.py", line 180, in start
    super(Server, self).start()
  File "D:\Anaconda\lib\site-packages\cherrypy\process\servers.py", line 177, in start
    portend.free(*self.bind_addr, timeout=Timeouts.free)
  File "D:\Anaconda\lib\site-packages\portend.py", line 126, in free
    raise Timeout("Port {port} not free on {host}.".format(**locals()))
portend.Timeout: Port 8080 not free on 0.0.0.0.

[18/Dec/2021:16:39:38] ENGINE Shutting down due to error in start listener:
Traceback (most recent call last):
  File "D:\Anaconda\lib\site-packages\cherrypy\process\wspbus.py", line 268, in start
    self.publish('start')
  File "D:\Anaconda\lib\site-packages\cherrypy\process\wspbus.py", line 248, in publish
    raise exc
cherrypy.process.wspbus.ChannelFailures: Timeout('Port 8080 not free on 0.0.0.0.')

[18/Dec/2021:16:39:38] ENGINE Bus STOPPING
[18/Dec/2021:16:39:38] ENGINE HTTP Server cherrypy._cpwsgi_server.CPWSGIServer(('0.0.0.0', 8080)) already shut down
[18/Dec/2021:16:39:38] ENGINE Stopped thread 'Autoreloader'.
[18/Dec/2021:16:39:38] ENGINE Bus STOPPED
[18/Dec/2021:16:39:38] ENGINE Bus EXITING
[18/Dec/2021:16:39:38] ENGINE Bus EXITED
[18/Dec/2021:16:39:47] ENGINE Bus STARTING
[18/Dec/2021:16:39:47] ENGINE Started monitor thread 'Autoreloader'.
[18/Dec/2021:16:39:47] ENGINE Serving on http://0.0.0.0:8080
[18/Dec/2021:16:39:47] ENGINE Bus STARTED
[18/Dec/2021:16:40:03]  Completed api call.Time spent 7.962 s
[18/Dec/2021:16:40:28]  Completed api call.Time spent 11.833 s
[18/Dec/2021:16:40:28]  Completed api call.Time spent 12.118 s
[26/Dec/2021:15:34:11] ENGINE Bus STARTING
[26/Dec/2021:15:34:11] ENGINE Started monitor thread 'Autoreloader'.
[26/Dec/2021:15:34:11] ENGINE Serving on http://0.0.0.0:8080
[26/Dec/2021:15:34:11] ENGINE Bus STARTED
[26/Dec/2021:15:34:24] HTTP 
Traceback (most recent call last):
  File "/Users/egor.bazhenov/Video-creative-platform/venv/lib/python3.9/site-packages/cherrypy/_cprequest.py", line 638, in respond
    self._do_respond(path_info)
  File "/Users/egor.bazhenov/Video-creative-platform/venv/lib/python3.9/site-packages/cherrypy/_cprequest.py", line 697, in _do_respond
    response.body = self.handler()
  File "/Users/egor.bazhenov/Video-creative-platform/venv/lib/python3.9/site-packages/cherrypy/lib/encoding.py", line 223, in __call__
    self.body = self.oldhandler(*args, **kwargs)
  File "/Users/egor.bazhenov/Video-creative-platform/venv/lib/python3.9/site-packages/cherrypy/_cpdispatch.py", line 54, in __call__
    return self.callable(*self.args, **self.kwargs)
  File "/Users/egor.bazhenov/Video-creative-platform/Docker/server.py", line 319, in cutout
    return process_api_request_cutout(body).encode("utf-8")
  File "/Users/egor.bazhenov/Video-creative-platform/Docker/server.py", line 83, in process_api_request_cutout
    imageFile.save(input_path)
  File "/Users/egor.bazhenov/Video-creative-platform/venv/lib/python3.9/site-packages/PIL/Image.py", line 2237, in save
    fp = builtins.open(filename, "w+b")
FileNotFoundError: [Errno 2] No such file or directory: 'resourses/186146_in.png'
[26/Dec/2021:15:34:24] HTTP 
Request Headers:
  Remote-Addr: 127.0.0.1
  HOST: localhost:8080
  USER-AGENT: python-requests/2.26.0
  ACCEPT-ENCODING: gzip, deflate
  ACCEPT: */*
  CONNECTION: keep-alive
  Content-Type: application/json
  Content-Length: 586712
[26/Dec/2021:15:35:58] HTTP 
Traceback (most recent call last):
  File "/Users/egor.bazhenov/Video-creative-platform/venv/lib/python3.9/site-packages/cherrypy/_cprequest.py", line 638, in respond
    self._do_respond(path_info)
  File "/Users/egor.bazhenov/Video-creative-platform/venv/lib/python3.9/site-packages/cherrypy/_cprequest.py", line 697, in _do_respond
    response.body = self.handler()
  File "/Users/egor.bazhenov/Video-creative-platform/venv/lib/python3.9/site-packages/cherrypy/lib/encoding.py", line 223, in __call__
    self.body = self.oldhandler(*args, **kwargs)
  File "/Users/egor.bazhenov/Video-creative-platform/venv/lib/python3.9/site-packages/cherrypy/_cpdispatch.py", line 54, in __call__
    return self.callable(*self.args, **self.kwargs)
  File "/Users/egor.bazhenov/Video-creative-platform/Docker/server.py", line 319, in cutout
    return process_api_request_cutout(body).encode("utf-8")
  File "/Users/egor.bazhenov/Video-creative-platform/Docker/server.py", line 83, in process_api_request_cutout
    imageFile.save(input_path)
  File "/Users/egor.bazhenov/Video-creative-platform/venv/lib/python3.9/site-packages/PIL/Image.py", line 2237, in save
    fp = builtins.open(filename, "w+b")
FileNotFoundError: [Errno 2] No such file or directory: 'resourses/133815_in.png'
[26/Dec/2021:15:35:58] HTTP 
Request Headers:
  Remote-Addr: 127.0.0.1
  HOST: localhost:8080
  USER-AGENT: python-requests/2.26.0
  ACCEPT-ENCODING: gzip, deflate
  ACCEPT: */*
  CONNECTION: keep-alive
  Content-Type: application/json
  Content-Length: 586712
[26/Dec/2021:15:36:54] ENGINE Keyboard Interrupt: shutting down bus
[26/Dec/2021:15:36:54] ENGINE Bus STOPPING
[26/Dec/2021:15:36:54] ENGINE HTTP Server cherrypy._cpwsgi_server.CPWSGIServer(('0.0.0.0', 8080)) shut down
[26/Dec/2021:15:36:54] ENGINE Stopped thread 'Autoreloader'.
[26/Dec/2021:15:36:54] ENGINE Bus STOPPED
[26/Dec/2021:15:36:54] ENGINE Bus EXITING
[26/Dec/2021:15:36:54] ENGINE Bus EXITED
[26/Dec/2021:15:36:54] ENGINE Waiting for child threads to terminate...
[26/Dec/2021:15:37:25] ENGINE Bus STARTING
[26/Dec/2021:15:37:25] ENGINE Started monitor thread 'Autoreloader'.
[26/Dec/2021:15:37:25] ENGINE Serving on http://0.0.0.0:8080
[26/Dec/2021:15:37:25] ENGINE Bus STARTED
[26/Dec/2021:15:39:13] ENGINE Restarting because /Users/egor.bazhenov/Video-creative-platform/Docker/server.py changed.
[26/Dec/2021:15:39:13] ENGINE Stopped thread 'Autoreloader'.
[26/Dec/2021:15:39:13] ENGINE Bus STOPPING
[26/Dec/2021:15:41:15]  Completed api call.Time spent 225.832 s
[26/Dec/2021:15:41:15] ENGINE HTTP Server cherrypy._cpwsgi_server.CPWSGIServer(('0.0.0.0', 8080)) shut down
[26/Dec/2021:15:41:15] ENGINE Bus STOPPED
[26/Dec/2021:15:41:15] ENGINE Bus EXITING
[26/Dec/2021:15:41:15] ENGINE Bus EXITED
[26/Dec/2021:15:41:15] ENGINE Waiting for child threads to terminate...
[26/Dec/2021:15:41:15] ENGINE Re-spawning /Library/Frameworks/Python.framework/Versions/3.9/Resources/Python.app/Contents/MacOS/Python /Users/egor.bazhenov/Video-creative-platform/Docker/server.py
[26/Dec/2021:15:41:20] ENGINE Bus STARTING
[26/Dec/2021:15:41:20] ENGINE Started monitor thread 'Autoreloader'.
[26/Dec/2021:15:41:20] ENGINE Serving on http://0.0.0.0:8080
[26/Dec/2021:15:41:20] ENGINE Bus STARTED
[26/Dec/2021:15:41:46] ENGINE Keyboard Interrupt: shutting down bus
[26/Dec/2021:15:41:46] ENGINE Bus STOPPING
[26/Dec/2021:15:41:46] ENGINE HTTP Server cherrypy._cpwsgi_server.CPWSGIServer(('0.0.0.0', 8080)) shut down
[26/Dec/2021:15:41:46] ENGINE Stopped thread 'Autoreloader'.
[26/Dec/2021:15:41:46] ENGINE Bus STOPPED
[26/Dec/2021:15:41:46] ENGINE Bus EXITING
[26/Dec/2021:15:41:46] ENGINE Bus EXITED
[26/Dec/2021:15:41:46] ENGINE Waiting for child threads to terminate...
[26/Dec/2021:15:44:13] ENGINE Bus STARTING
[26/Dec/2021:15:44:13] ENGINE Started monitor thread 'Autoreloader'.
[26/Dec/2021:15:44:13] ENGINE Serving on http://0.0.0.0:8080
[26/Dec/2021:15:44:13] ENGINE Bus STARTED
[26/Dec/2021:15:44:25]  Completed api call.Time spent 7.815 s
[26/Dec/2021:15:46:19] ENGINE Keyboard Interrupt: shutting down bus
[26/Dec/2021:15:46:19] ENGINE Bus STOPPING
[26/Dec/2021:15:46:19] ENGINE HTTP Server cherrypy._cpwsgi_server.CPWSGIServer(('0.0.0.0', 8080)) shut down
[26/Dec/2021:15:46:19] ENGINE Stopped thread 'Autoreloader'.
[26/Dec/2021:15:46:19] ENGINE Bus STOPPED
[26/Dec/2021:15:46:19] ENGINE Bus EXITING
[26/Dec/2021:15:46:19] ENGINE Bus EXITED
[26/Dec/2021:15:46:19] ENGINE Waiting for child threads to terminate...
[26/Dec/2021:15:46:23] ENGINE Bus STARTING
[26/Dec/2021:15:46:23] ENGINE Started monitor thread 'Autoreloader'.
[26/Dec/2021:15:46:23] ENGINE Serving on http://0.0.0.0:8080
[26/Dec/2021:15:46:23] ENGINE Bus STARTED
[26/Dec/2021:15:46:44]  Completed api call.Time spent 9.069 s
[26/Dec/2021:15:46:45]  Completed api call.Time spent 9.132 s
[26/Dec/2021:15:47:36]  Completed api call.Time spent 8.283 s
[26/Dec/2021:15:47:36]  Completed api call.Time spent 8.316 s
[26/Dec/2021:15:47:42] ENGINE Keyboard Interrupt: shutting down bus
[26/Dec/2021:15:47:42] ENGINE Bus STOPPING
[26/Dec/2021:15:47:42] ENGINE HTTP Server cherrypy._cpwsgi_server.CPWSGIServer(('0.0.0.0', 8080)) shut down
[26/Dec/2021:15:47:42] ENGINE Stopped thread 'Autoreloader'.
[26/Dec/2021:15:47:42] ENGINE Bus STOPPED
[26/Dec/2021:15:47:42] ENGINE Bus EXITING
[26/Dec/2021:15:47:42] ENGINE Bus EXITED
[26/Dec/2021:15:47:42] ENGINE Waiting for child threads to terminate...
